  main.cpp
E:\TareasProyectos\8vo\Robotica\RobotManipuladorMovil-DenavitHartenberg\src\ModeloMundo.h(29,19): warning C4305: 'inicializando': truncamiento de 'double' a 'float'
E:\TareasProyectos\8vo\Robotica\RobotManipuladorMovil-DenavitHartenberg\src\ModeloMundo.h(119,6): warning C4305: 'inicializando': truncamiento de 'double' a '_Ty'
          with
          [
              _Ty=float
          ]
E:\TareasProyectos\8vo\Robotica\RobotManipuladorMovil-DenavitHartenberg\src\ModeloMundo.h(160,6): warning C4305: 'inicializando': truncamiento de 'double' a '_Ty'
          with
          [
              _Ty=float
          ]
E:\TareasProyectos\8vo\Robotica\RobotManipuladorMovil-DenavitHartenberg\src\ModeloMundo.h(301,6): warning C4305: 'inicializando': truncamiento de 'double' a '_Ty'
          with
          [
              _Ty=float
          ]
LINK : warning LNK4098: la biblioteca predeterminada'MSVCRT' entra en conflicto con otras bibliotecas; use la biblioteca /NODEFAULTLIB:biblioteca
LINK : warning LNK4098: la biblioteca predeterminada'LIBCMT' entra en conflicto con otras bibliotecas; use la biblioteca /NODEFAULTLIB:biblioteca
glew32s.lib(glew.obj) : warning LNK4099: no se encontró PDB 'vc120.pdb' con 'glew32s.lib(glew.obj)' o en 'E:\TareasProyectos\8vo\Robotica\RobotManipuladorMovil-DenavitHartenberg\Debug\vc120.pdb'; se vinculará el objeto sin tener en cuenta información de depuración
  RobotManipuladorMovil-DenavitHartenberg.vcxproj -> E:\TareasProyectos\8vo\Robotica\RobotManipuladorMovil-DenavitHartenberg\Debug\RobotManipuladorMovil-DenavitHartenberg.exe
