e:\tareasproyectos\8vo\robotica\robotmanipuladormovil-denavithartenberg\debug\vc143.pdb
e:\tareasproyectos\8vo\robotica\robotmanipuladormovil-denavithartenberg\debug\vc143.idb
e:\tareasproyectos\8vo\robotica\robotmanipuladormovil-denavithartenberg\debug\modelorobot.obj
e:\tareasproyectos\8vo\robotica\robotmanipuladormovil-denavithartenberg\debug\denavithartenberg.obj
e:\tareasproyectos\8vo\robotica\robotmanipuladormovil-denavithartenberg\debug\tridist.obj
e:\tareasproyectos\8vo\robotica\robotmanipuladormovil-denavithartenberg\debug\bv.obj
e:\tareasproyectos\8vo\robotica\robotmanipuladormovil-denavithartenberg\debug\build.obj
e:\tareasproyectos\8vo\robotica\robotmanipuladormovil-denavithartenberg\debug\imgui_widgets.obj
e:\tareasproyectos\8vo\robotica\robotmanipuladormovil-denavithartenberg\debug\imgui_tables.obj
e:\tareasproyectos\8vo\robotica\robotmanipuladormovil-denavithartenberg\debug\imgui_impl_opengl3.obj
e:\tareasproyectos\8vo\robotica\robotmanipuladormovil-denavithartenberg\debug\imgui_impl_glfw.obj
e:\tareasproyectos\8vo\robotica\robotmanipuladormovil-denavithartenberg\debug\imgui_draw.obj
e:\tareasproyectos\8vo\robotica\robotmanipuladormovil-denavithartenberg\debug\imgui_demo.obj
e:\tareasproyectos\8vo\robotica\robotmanipuladormovil-denavithartenberg\debug\imgui.obj
e:\tareasproyectos\8vo\robotica\robotmanipuladormovil-denavithartenberg\debug\glm.obj
e:\tareasproyectos\8vo\robotica\robotmanipuladormovil-denavithartenberg\debug\main.obj
e:\tareasproyectos\8vo\robotica\robotmanipuladormovil-denavithartenberg\debug\pqp.obj
e:\tareasproyectos\8vo\robotica\robotmanipuladormovil-denavithartenberg\debug\robotmanipuladormovil-denavithartenberg.exe
e:\tareasproyectos\8vo\robotica\robotmanipuladormovil-denavithartenberg\debug\robotmanipuladormovil-denavithartenberg.ilk
e:\tareasproyectos\8vo\robotica\robotmanipuladormovil-denavithartenberg\debug\robotmanipuladormovil-denavithartenberg.pdb
e:\tareasproyectos\8vo\robotica\robotmanipuladormovil-denavithartenberg\debug\robotman.0f64eacb.tlog\cl.command.1.tlog
e:\tareasproyectos\8vo\robotica\robotmanipuladormovil-denavithartenberg\debug\robotman.0f64eacb.tlog\cl.read.1.tlog
e:\tareasproyectos\8vo\robotica\robotmanipuladormovil-denavithartenberg\debug\robotman.0f64eacb.tlog\cl.write.1.tlog
e:\tareasproyectos\8vo\robotica\robotmanipuladormovil-denavithartenberg\debug\robotman.0f64eacb.tlog\link.command.1.tlog
e:\tareasproyectos\8vo\robotica\robotmanipuladormovil-denavithartenberg\debug\robotman.0f64eacb.tlog\link.read.1.tlog
e:\tareasproyectos\8vo\robotica\robotmanipuladormovil-denavithartenberg\debug\robotman.0f64eacb.tlog\link.write.1.tlog
